2022-07-20 13:34:19.075  INFO 19720 --- [main] com.sapo.edu.demo.DemoApplication        : Starting DemoApplication on AnhND-TTS with PID 19720 (E:\TTS-Sapo\anhnd\Ex04\Ex_04_spring_boot_basic\target\classes started by Admin in E:\TTS-Sapo\anhnd\Ex04\Ex_04_spring_boot_basic)
2022-07-20 13:34:19.078  INFO 19720 --- [main] com.sapo.edu.demo.DemoApplication        : The following profiles are active: dev
2022-07-20 13:34:19.474  INFO 19720 --- [main] com.sapo.edu.demo.DemoApplication        : Started DemoApplication in 0.717 seconds (JVM running for 1.697)
2022-07-20 13:34:42.926  INFO 30116 --- [main] com.sapo.edu.demo.DemoApplication        : Starting DemoApplication on AnhND-TTS with PID 30116 (E:\TTS-Sapo\anhnd\Ex04\Ex_04_spring_boot_basic\target\classes started by Admin in E:\TTS-Sapo\anhnd\Ex04\Ex_04_spring_boot_basic)
2022-07-20 13:34:42.932  INFO 30116 --- [main] com.sapo.edu.demo.DemoApplication        : The following profiles are active: dev
2022-07-20 13:34:43.438  INFO 30116 --- [main] com.sapo.edu.demo.DemoApplication        : Started DemoApplication in 0.852 seconds (JVM running for 1.391)
2022-07-20 13:45:11.498  INFO 17724 --- [main] com.sapo.edu.demo.DemoApplication        : Starting DemoApplication on AnhND-TTS with PID 17724 (E:\TTS-Sapo\anhnd\Ex04\Ex_04_spring_boot_basic\target\classes started by Admin in E:\TTS-Sapo\anhnd\Ex04\Ex_04_spring_boot_basic)
2022-07-20 13:45:11.499  INFO 17724 --- [main] com.sapo.edu.demo.DemoApplication        : The following profiles are active: dev
2022-07-20 13:45:11.875  INFO 17724 --- [main] com.sapo.edu.demo.DemoApplication        : Started DemoApplication in 0.639 seconds (JVM running for 1.477)
2022-07-20 13:50:34.046  INFO 32244 --- [main] com.sapo.edu.demo.DemoApplication        : Starting DemoApplication on AnhND-TTS with PID 32244 (E:\TTS-Sapo\anhnd\Ex04\Ex_04_spring_boot_basic\target\classes started by Admin in E:\TTS-Sapo\anhnd\Ex04\Ex_04_spring_boot_basic)
2022-07-20 13:50:34.048  INFO 32244 --- [main] com.sapo.edu.demo.DemoApplication        : The following profiles are active: dev
2022-07-20 13:50:34.418  INFO 32244 --- [main] com.sapo.edu.demo.DemoApplication        : Started DemoApplication in 0.614 seconds (JVM running for 1.112)
2022-07-20 13:50:39.857  INFO 32244 --- [main] c.s.edu.demo.service.impl.PrinterFile    : Current ATM money is 2500000
2022-07-20 13:50:39.858  INFO 32244 --- [main] c.s.edu.demo.service.impl.PrinterFile    : CustomerId: 2, balance: 2000
2022-07-20 13:50:39.858  INFO 32244 --- [main] c.s.edu.demo.service.impl.PrinterFile    : Insufficient Balance
2022-07-20 13:50:39.858  INFO 32244 --- [main] c.s.edu.demo.service.impl.PrinterFile    : Current ATM money is 2500000
2022-07-20 13:50:39.858  INFO 32244 --- [main] c.s.edu.demo.service.impl.PrinterFile    : Insufficient Balance
2022-07-20 13:50:39.859  INFO 32244 --- [main] c.s.edu.demo.service.impl.PrinterFile    : Current ATM money is 2500000
2022-07-20 13:50:39.859  INFO 32244 --- [main] c.s.edu.demo.service.impl.PrinterFile    : Current ATM money is 3500000
2022-07-20 13:59:55.626  INFO 21020 --- [main] com.sapo.edu.demo.DemoApplication        : Starting DemoApplication on AnhND-TTS with PID 21020 (E:\TTS-Sapo\anhnd\Ex04\Ex_04_spring_boot_basic\target\classes started by Admin in E:\TTS-Sapo\anhnd\Ex04\Ex_04_spring_boot_basic)
2022-07-20 13:59:55.627  INFO 21020 --- [main] com.sapo.edu.demo.DemoApplication        : The following profiles are active: dev
2022-07-20 13:59:55.968  INFO 21020 --- [main] com.sapo.edu.demo.DemoApplication        : Started DemoApplication in 0.587 seconds (JVM running for 1.079)
2022-07-20 13:59:59.762  INFO 21020 --- [main] c.s.edu.demo.service.impl.PrinterFile    : Current ATM money is 2500000
2022-07-20 13:59:59.763  INFO 21020 --- [main] c.s.edu.demo.service.impl.PrinterFile    : CustomerId: 2, balance: 3000
2022-07-20 13:59:59.763  INFO 21020 --- [main] c.s.edu.demo.service.impl.PrinterFile    : Insufficient Balance
2022-07-20 13:59:59.763  INFO 21020 --- [main] c.s.edu.demo.service.impl.PrinterFile    : Current ATM money is 2500000
2022-07-20 13:59:59.763  INFO 21020 --- [main] c.s.edu.demo.service.impl.PrinterFile    : Insufficient Balance
2022-07-20 13:59:59.763  INFO 21020 --- [main] c.s.edu.demo.service.impl.PrinterFile    : Current ATM money is 2500000
2022-07-20 13:59:59.764  INFO 21020 --- [main] c.s.edu.demo.service.impl.PrinterFile    : Current ATM money is 3500000
